<?xml version="1.0" encoding="UTF-8"?>
<!-- Generated by org.testng.reporters.JUnitReportReporter -->
<testsuite hostname="LTIN546268" failures="0" tests="4" name="TestCase.TestCase_001" time="10.794" errors="0" timestamp="2024-04-04T17:36:40 IST" skipped="0">
  <testcase classname="TestCase.TestCase_001" name="test1_Search_By_Product_Name" time="3.380"/>
  <testcase classname="TestCase.TestCase_001" name="test1_Search_By_Product_Name" time="3.351"/>
  <testcase classname="TestCase.TestCase_001" name="test2_Sort_Low_To_High_Price_And_Get_Product_With_Lowest_Price" time="1.424"/>
  <testcase classname="TestCase.TestCase_001" name="test2_Sort_Low_To_High_Price_And_Get_Product_With_Lowest_Price" time="2.639"/>
</testsuite> <!-- TestCase.TestCase_001 -->
