<?xml version="1.0" encoding="UTF-8"?>
<!-- Generated by org.testng.reporters.JUnitReportReporter -->
<testsuite hostname="LTIN190081" failures="0" tests="2" name="TestCase.TestCase_001" time="14.021" errors="0" timestamp="2024-03-31T13:44:51 IST" skipped="0">
  <testcase classname="TestCase.TestCase_001" name="test1_Search_By_Product_Name" time="7.937"/>
  <testcase classname="TestCase.TestCase_001" name="test2_Sort_Low_To_High_Price_And_Get_Product_With_Lowest_Price" time="6.084"/>
</testsuite> <!-- TestCase.TestCase_001 -->
