<?xml version="1.0" encoding="UTF-8"?>
<!-- Generated by org.testng.reporters.JUnitReportReporter -->
<testsuite hostname="LTIN190081" failures="0" tests="2" name="TestCase.TestCase_001" time="11.962" errors="0" timestamp="2024-03-29T17:41:09 IST" skipped="0">
  <testcase classname="TestCase.TestCase_001" name="test1" time="7.282"/>
  <testcase classname="TestCase.TestCase_001" name="test2" time="4.680"/>
</testsuite> <!-- TestCase.TestCase_001 -->
