<?xml version="1.0" encoding="UTF-8"?>
<!-- Generated by org.testng.reporters.JUnitReportReporter -->
<testsuite hostname="LTIN190081" failures="0" tests="2" name="TestCase.TestCase_001" time="10.342" errors="0" timestamp="2024-03-30T15:06:52 IST" skipped="0">
  <testcase classname="TestCase.TestCase_001" name="test1" time="4.335"/>
  <testcase classname="TestCase.TestCase_001" name="test2" time="6.007"/>
</testsuite> <!-- TestCase.TestCase_001 -->
