<?xml version="1.0" encoding="UTF-8"?>
<!-- Generated by org.testng.reporters.JUnitReportReporter -->
<testsuite hostname="LTIN190081" failures="0" tests="2" name="TestCase.TestCase_001" time="13.772" errors="0" timestamp="2024-03-31T14:43:10 IST" skipped="0">
  <testcase classname="TestCase.TestCase_001" name="test1_Search_By_Product_Name" time="8.235"/>
  <testcase classname="TestCase.TestCase_001" name="test2_Sort_Low_To_High_Price_And_Get_Product_With_Lowest_Price" time="5.537"/>
</testsuite> <!-- TestCase.TestCase_001 -->
