<?xml version="1.0" encoding="UTF-8"?>
<!-- Generated by org.testng.reporters.JUnitReportReporter -->
<testsuite hostname="LTIN546268" failures="0" tests="4" name="TestCase.TestCase_Chrome" time="14.679" errors="0" timestamp="2024-04-08T11:31:43 IST" skipped="0">
  <testcase classname="TestCase.TestCase_Chrome" name="test1_Search_By_Product_Name" time="4.744"/>
  <testcase classname="TestCase.TestCase_Chrome" name="test1_Search_By_Product_Name" time="3.824"/>
  <testcase classname="TestCase.TestCase_Chrome" name="test2_Sort_Low_To_High_Price_And_Get_Product_With_Lowest_Price" time="3.144"/>
  <testcase classname="TestCase.TestCase_Chrome" name="test2_Sort_Low_To_High_Price_And_Get_Product_With_Lowest_Price" time="2.967"/>
</testsuite> <!-- TestCase.TestCase_Chrome -->
