<?xml version="1.0" encoding="UTF-8"?>
<!-- Generated by org.testng.reporters.JUnitReportReporter -->
<testsuite hostname="LTIN190081" failures="0" tests="2" name="TestCase.TestCase_001" time="12.234" errors="0" timestamp="2024-04-02T16:05:20 IST" skipped="0">
  <testcase classname="TestCase.TestCase_001" name="test1_Search_By_Product_Name" time="5.171"/>
  <testcase classname="TestCase.TestCase_001" name="test2_Sort_Low_To_High_Price_And_Get_Product_With_Lowest_Price" time="7.063"/>
</testsuite> <!-- TestCase.TestCase_001 -->
